  [1m[35m (308.6ms)[0m  [1m[35mCREATE DATABASE "tunr_app_api_development" ENCODING = 'unicode'[0m
  [1m[35m (186.8ms)[0m  [1m[35mCREATE DATABASE "tunr_app_api_test" ENCODING = 'unicode'[0m
  [1m[35m (105.5ms)[0m  [1m[35mCREATE TABLE "schema_migrations" ("version" character varying NOT NULL PRIMARY KEY)[0m
  [1m[35m (13.2ms)[0m  [1m[35mCREATE TABLE "ar_internal_metadata" ("key" character varying NOT NULL PRIMARY KEY, "value" character varying, "created_at" timestamp(6) NOT NULL, "updated_at" timestamp(6) NOT NULL)[0m
  [1m[35m (1.2ms)[0m  [1m[34mSELECT pg_try_advisory_lock(1874975070089793210)[0m
  [1m[35m (2.3ms)[0m  [1m[34mSELECT "schema_migrations"."version" FROM "schema_migrations" ORDER BY "schema_migrations"."version" ASC[0m
Migrating to CreateSongs (20210226165214)
  [1m[36mTRANSACTION (0.2ms)[0m  [1m[35mBEGIN[0m
  [1m[35m (29.0ms)[0m  [1m[35mCREATE TABLE "songs" ("id" bigserial primary key, "title" character varying, "artist" character varying, "time" character varying, "created_at" timestamp(6) NOT NULL, "updated_at" timestamp(6) NOT NULL)[0m
  [1m[36mActiveRecord::SchemaMigration Create (5.7ms)[0m  [1m[32mINSERT INTO "schema_migrations" ("version") VALUES ($1) RETURNING "version"[0m  [["version", "20210226165214"]]
  [1m[36mTRANSACTION (2.5ms)[0m  [1m[35mCOMMIT[0m
  [1m[36mActiveRecord::InternalMetadata Load (0.5ms)[0m  [1m[34mSELECT "ar_internal_metadata".* FROM "ar_internal_metadata" WHERE "ar_internal_metadata"."key" = $1 LIMIT $2[0m  [["key", "environment"], ["LIMIT", 1]]
  [1m[36mTRANSACTION (0.2ms)[0m  [1m[35mBEGIN[0m
  [1m[36mActiveRecord::InternalMetadata Create (1.8ms)[0m  [1m[32mINSERT INTO "ar_internal_metadata" ("key", "value", "created_at", "updated_at") VALUES ($1, $2, $3, $4) RETURNING "key"[0m  [["key", "environment"], ["value", "development"], ["created_at", "2021-02-26 16:52:58.765212"], ["updated_at", "2021-02-26 16:52:58.765212"]]
  [1m[36mTRANSACTION (0.5ms)[0m  [1m[35mCOMMIT[0m
  [1m[35m (3.7ms)[0m  [1m[34mSELECT pg_advisory_unlock(1874975070089793210)[0m
  [1m[35m (1.4ms)[0m  [1m[34mSELECT "schema_migrations"."version" FROM "schema_migrations" ORDER BY "schema_migrations"."version" ASC[0m
Started GET "/" for ::1 at 2021-02-26 12:33:52 -0500
  [1m[35m (1.4ms)[0m  [1m[34mSELECT "schema_migrations"."version" FROM "schema_migrations" ORDER BY "schema_migrations"."version" ASC[0m
Processing by Rails::WelcomeController#index as HTML
  Rendering /Users/chaco/.rbenv/versions/3.0.0/lib/ruby/gems/3.0.0/gems/railties-6.1.3/lib/rails/templates/rails/welcome/index.html.erb
  Rendered /Users/chaco/.rbenv/versions/3.0.0/lib/ruby/gems/3.0.0/gems/railties-6.1.3/lib/rails/templates/rails/welcome/index.html.erb (Duration: 31.0ms | Allocations: 468)
Completed 200 OK in 102ms (Views: 51.1ms | ActiveRecord: 0.0ms | Allocations: 3963)


Started GET "/songs" for ::1 at 2021-02-26 12:33:57 -0500
Processing by SongsController#index as HTML
  [1m[36mSong Load (2.7ms)[0m  [1m[34mSELECT "songs".* FROM "songs"[0m
  ↳ app/controllers/songs_controller.rb:8:in `index'
Completed 200 OK in 25ms (Views: 7.0ms | ActiveRecord: 2.7ms | Allocations: 1418)


Started GET "/song" for ::1 at 2021-02-26 12:34:00 -0500
  
ActionController::RoutingError (No route matches [GET] "/song"):
  
Started GET "/songs" for ::1 at 2021-02-26 12:34:03 -0500
Processing by SongsController#index as HTML
  [1m[36mSong Load (11.6ms)[0m  [1m[34mSELECT "songs".* FROM "songs"[0m
  ↳ app/controllers/songs_controller.rb:8:in `index'
Completed 200 OK in 15ms (Views: 3.0ms | ActiveRecord: 11.6ms | Allocations: 667)


Started GET "/songs" for ::1 at 2021-02-26 12:36:15 -0500
Processing by SongsController#index as */*
  [1m[36mSong Load (0.4ms)[0m  [1m[34mSELECT "songs".* FROM "songs"[0m
  ↳ app/controllers/songs_controller.rb:8:in `index'
Completed 200 OK in 3ms (Views: 2.6ms | ActiveRecord: 0.4ms | Allocations: 658)


Started GET "/songs" for ::1 at 2021-02-26 12:36:22 -0500
Processing by SongsController#index as */*
  [1m[36mSong Load (0.3ms)[0m  [1m[34mSELECT "songs".* FROM "songs"[0m
  ↳ app/controllers/songs_controller.rb:8:in `index'
Completed 200 OK in 8ms (Views: 7.8ms | ActiveRecord: 0.3ms | Allocations: 672)


Started POST "/songs" for ::1 at 2021-02-26 12:36:30 -0500
Processing by SongsController#create as */*
  Parameters: {"title"=>"Spaceman", "artist"=>"The Killers", "time"=>"4:02", "song"=>{"title"=>"Spaceman", "artist"=>"The Killers", "time"=>"4:02"}}
  [1m[36mTRANSACTION (0.8ms)[0m  [1m[35mBEGIN[0m
  ↳ app/controllers/songs_controller.rb:20:in `create'
  [1m[36mSong Create (12.6ms)[0m  [1m[32mINSERT INTO "songs" ("title", "artist", "time", "created_at", "updated_at") VALUES ($1, $2, $3, $4, $5) RETURNING "id"[0m  [["title", "Spaceman"], ["artist", "The Killers"], ["time", "4:02"], ["created_at", "2021-02-26 17:36:30.763618"], ["updated_at", "2021-02-26 17:36:30.763618"]]
  ↳ app/controllers/songs_controller.rb:20:in `create'
  [1m[36mTRANSACTION (0.9ms)[0m  [1m[35mCOMMIT[0m
  ↳ app/controllers/songs_controller.rb:20:in `create'
Completed 201 Created in 37ms (Views: 1.3ms | ActiveRecord: 31.2ms | Allocations: 5568)


Started GET "/songs" for ::1 at 2021-02-26 12:36:30 -0500
Processing by SongsController#index as */*
  [1m[36mSong Load (0.7ms)[0m  [1m[34mSELECT "songs".* FROM "songs"[0m
  ↳ app/controllers/songs_controller.rb:8:in `index'
Completed 200 OK in 4ms (Views: 2.9ms | ActiveRecord: 0.7ms | Allocations: 789)


Started GET "/songs" for ::1 at 2021-02-26 12:36:41 -0500
Processing by SongsController#index as */*
  [1m[36mSong Load (0.4ms)[0m  [1m[34mSELECT "songs".* FROM "songs"[0m
  ↳ app/controllers/songs_controller.rb:8:in `index'
Completed 200 OK in 4ms (Views: 3.0ms | ActiveRecord: 0.4ms | Allocations: 758)


Started POST "/songs" for ::1 at 2021-02-26 12:42:31 -0500
Processing by SongsController#create as */*
  Parameters: {"title"=>"Born to Die", "artist"=>"Lana Del Rey", "time"=>"3:20", "song"=>{"title"=>"Born to Die", "artist"=>"Lana Del Rey", "time"=>"3:20"}}
  [1m[36mTRANSACTION (0.2ms)[0m  [1m[35mBEGIN[0m
  ↳ app/controllers/songs_controller.rb:20:in `create'
  [1m[36mSong Create (1.6ms)[0m  [1m[32mINSERT INTO "songs" ("title", "artist", "time", "created_at", "updated_at") VALUES ($1, $2, $3, $4, $5) RETURNING "id"[0m  [["title", "Born to Die"], ["artist", "Lana Del Rey"], ["time", "3:20"], ["created_at", "2021-02-26 17:42:31.737413"], ["updated_at", "2021-02-26 17:42:31.737413"]]
  ↳ app/controllers/songs_controller.rb:20:in `create'
  [1m[36mTRANSACTION (0.6ms)[0m  [1m[35mCOMMIT[0m
  ↳ app/controllers/songs_controller.rb:20:in `create'
Completed 201 Created in 80ms (Views: 2.0ms | ActiveRecord: 23.1ms | Allocations: 3902)


Started GET "/songs" for ::1 at 2021-02-26 12:42:31 -0500
Processing by SongsController#index as */*
  [1m[36mSong Load (0.6ms)[0m  [1m[34mSELECT "songs".* FROM "songs"[0m
  ↳ app/controllers/songs_controller.rb:8:in `index'
Completed 200 OK in 8ms (Views: 6.0ms | ActiveRecord: 0.6ms | Allocations: 912)


Started PUT "/songs/1" for ::1 at 2021-02-26 12:42:53 -0500
Processing by SongsController#update as */*
  Parameters: {"id"=>"1", "title"=>"Spaceman", "artist"=>"The Killers", "time"=>"4:01", "created_at"=>"2021-02-26T17:36:30.763Z", "updated_at"=>"2021-02-26T17:36:30.763Z", "song"=>{"id"=>"1", "title"=>"Spaceman", "artist"=>"The Killers", "time"=>"4:01", "created_at"=>"2021-02-26T17:36:30.763Z", "updated_at"=>"2021-02-26T17:36:30.763Z"}}
  [1m[36mSong Load (6.1ms)[0m  [1m[34mSELECT "songs".* FROM "songs" WHERE "songs"."id" = $1 LIMIT $2[0m  [["id", 1], ["LIMIT", 1]]
  ↳ app/controllers/songs_controller.rb:44:in `set_song'
[31mUnpermitted parameters: :id, :created_at, :updated_at[0m
  [1m[36mTRANSACTION (0.2ms)[0m  [1m[35mBEGIN[0m
  ↳ app/controllers/songs_controller.rb:29:in `update'
  [1m[36mSong Update (13.5ms)[0m  [1m[33mUPDATE "songs" SET "time" = $1, "updated_at" = $2 WHERE "songs"."id" = $3[0m  [["time", "4:01"], ["updated_at", "2021-02-26 17:42:53.315694"], ["id", 1]]
  ↳ app/controllers/songs_controller.rb:29:in `update'
  [1m[36mTRANSACTION (0.5ms)[0m  [1m[35mCOMMIT[0m
  ↳ app/controllers/songs_controller.rb:29:in `update'
Completed 200 OK in 72ms (Views: 0.3ms | ActiveRecord: 20.6ms | Allocations: 4123)


Started GET "/songs" for ::1 at 2021-02-26 12:42:53 -0500
Processing by SongsController#index as */*
  [1m[36mSong Load (0.4ms)[0m  [1m[34mSELECT "songs".* FROM "songs"[0m
  ↳ app/controllers/songs_controller.rb:8:in `index'
Completed 200 OK in 5ms (Views: 3.9ms | ActiveRecord: 0.4ms | Allocations: 860)


